0 info it worked if it ends with ok
1 verbose cli [ '/Users/conor.britain/.nvm/v5.11.1/bin/node',
1 verbose cli   '/Users/conor.britain/.nvm/v5.11.1/bin/npm',
1 verbose cli   'start' ]
2 info using npm@3.8.6
3 info using node@v5.11.1
4 verbose run-script [ 'prestart', 'start', 'poststart' ]
5 info lifecycle auction-tool-react@0.1.0~prestart: auction-tool-react@0.1.0
6 silly lifecycle auction-tool-react@0.1.0~prestart: no script for prestart, continuing
7 info lifecycle auction-tool-react@0.1.0~start: auction-tool-react@0.1.0
8 verbose lifecycle auction-tool-react@0.1.0~start: unsafe-perm in lifecycle true
9 verbose lifecycle auction-tool-react@0.1.0~start: PATH: /Users/conor.britain/.nvm/v5.11.1/lib/node_modules/npm/bin/node-gyp-bin:/Users/conor.britain/Documents/Other Projects/Fantasy Baseball/auction-tool-react/node_modules/.bin:/Users/conor.britain/.nvm/v5.11.1/bin:/Users/conor.britain/.nvm/v5.11.1/bin:/usr/local/bin:/usr/bin:/bin:/usr/sbin:/sbin:/opt/X11/bin:/usr/local/MacGPG2/bin
10 verbose lifecycle auction-tool-react@0.1.0~start: CWD: /Users/conor.britain/Documents/Other Projects/Fantasy Baseball/auction-tool-react
11 silly lifecycle auction-tool-react@0.1.0~start: Args: [ '-c', 'node ./project/server.js' ]
12 silly lifecycle auction-tool-react@0.1.0~start: Returned: code: 1  signal: null
13 info lifecycle auction-tool-react@0.1.0~start: Failed to exec start script
14 verbose stack Error: auction-tool-react@0.1.0 start: `node ./project/server.js`
14 verbose stack Exit status 1
14 verbose stack     at EventEmitter.<anonymous> (/Users/conor.britain/.nvm/v5.11.1/lib/node_modules/npm/lib/utils/lifecycle.js:239:16)
14 verbose stack     at emitTwo (events.js:100:13)
14 verbose stack     at EventEmitter.emit (events.js:185:7)
14 verbose stack     at ChildProcess.<anonymous> (/Users/conor.britain/.nvm/v5.11.1/lib/node_modules/npm/lib/utils/spawn.js:24:14)
14 verbose stack     at emitTwo (events.js:100:13)
14 verbose stack     at ChildProcess.emit (events.js:185:7)
14 verbose stack     at maybeClose (internal/child_process.js:850:16)
14 verbose stack     at Process.ChildProcess._handle.onexit (internal/child_process.js:215:5)
15 verbose pkgid auction-tool-react@0.1.0
16 verbose cwd /Users/conor.britain/Documents/Other Projects/Fantasy Baseball/auction-tool-react
17 error Darwin 15.4.0
18 error argv "/Users/conor.britain/.nvm/v5.11.1/bin/node" "/Users/conor.britain/.nvm/v5.11.1/bin/npm" "start"
19 error node v5.11.1
20 error npm  v3.8.6
21 error code ELIFECYCLE
22 error auction-tool-react@0.1.0 start: `node ./project/server.js`
22 error Exit status 1
23 error Failed at the auction-tool-react@0.1.0 start script 'node ./project/server.js'.
23 error Make sure you have the latest version of node.js and npm installed.
23 error If you do, this is most likely a problem with the auction-tool-react package,
23 error not with npm itself.
23 error Tell the author that this fails on your system:
23 error     node ./project/server.js
23 error You can get information on how to open an issue for this project with:
23 error     npm bugs auction-tool-react
23 error Or if that isn't available, you can get their info via:
23 error     npm owner ls auction-tool-react
23 error There is likely additional logging output above.
24 verbose exit [ 1, true ]
